<?xml version="1.0" encoding="utf-8"?><testsuites name="pytest tests"><testsuite name="pytest" errors="0" failures="0" skipped="0" tests="23" time="1.799" timestamp="2026-01-28T23:27:30.356606+00:00" hostname="agent-env-34419227-05d4-4dcb-9193-d8c249793a83"><testcase classname="backend.tests.test_admin_api.TestHealthCheck" name="test_api_root_returns_200" time="0.071" /><testcase classname="backend.tests.test_admin_api.TestAdminAuthentication" name="test_admin_auth_verify_with_valid_credentials" time="0.046" /><testcase classname="backend.tests.test_admin_api.TestAdminAuthentication" name="test_admin_auth_verify_with_invalid_credentials" time="0.034" /><testcase classname="backend.tests.test_admin_api.TestAdminAuthentication" name="test_admin_auth_verify_without_credentials" time="0.039" /><testcase classname="backend.tests.test_admin_api.TestAdminAuthentication" name="test_admin_protected_endpoint_requires_auth" time="0.036" /><testcase classname="backend.tests.test_admin_api.TestAdminStats" name="test_get_admin_stats_authenticated" time="0.048" /><testcase classname="backend.tests.test_admin_api.TestQuestionnaireSubmission" name="test_submit_questionnaire_with_consent" time="0.046" /><testcase classname="backend.tests.test_admin_api.TestQuestionnaireSubmission" name="test_submit_questionnaire_without_consent_fails" time="0.033" /><testcase classname="backend.tests.test_admin_api.TestAdminQuestionnaireManagement" name="test_get_questionnaire_list" time="0.040" /><testcase classname="backend.tests.test_admin_api.TestAdminQuestionnaireManagement" name="test_get_questionnaire_list_with_status_filter" time="0.036" /><testcase classname="backend.tests.test_admin_api.TestAdminQuestionnaireManagement" name="test_get_single_questionnaire_response" time="0.081" /><testcase classname="backend.tests.test_admin_api.TestAdminQuestionnaireManagement" name="test_get_nonexistent_questionnaire_returns_404" time="0.049" /><testcase classname="backend.tests.test_admin_api.TestAdminQuestionnaireManagement" name="test_update_questionnaire_status" time="0.195" /><testcase classname="backend.tests.test_admin_api.TestAdminQuestionnaireManagement" name="test_update_questionnaire_internal_notes" time="0.107" /><testcase classname="backend.tests.test_admin_api.TestContactSubmission" name="test_submit_contact_with_consent" time="0.079" /><testcase classname="backend.tests.test_admin_api.TestContactSubmission" name="test_submit_contact_without_consent_fails" time="0.034" /><testcase classname="backend.tests.test_admin_api.TestAdminContactManagement" name="test_get_contact_list" time="0.044" /><testcase classname="backend.tests.test_admin_api.TestAdminContactManagement" name="test_get_contact_list_with_status_filter" time="0.037" /><testcase classname="backend.tests.test_admin_api.TestAdminContactManagement" name="test_get_single_contact_submission" time="0.070" /><testcase classname="backend.tests.test_admin_api.TestAdminContactManagement" name="test_get_nonexistent_contact_returns_404" time="0.035" /><testcase classname="backend.tests.test_admin_api.TestAdminContactManagement" name="test_update_contact_status" time="0.138" /><testcase classname="backend.tests.test_admin_api.TestAdminContactManagement" name="test_update_contact_internal_notes" time="0.115" /><testcase classname="backend.tests.test_admin_api.TestRateLimiting" name="test_rate_limiting_after_failed_attempts" time="0.251" /></testsuite></testsuites>